CRITICAL - 2025-11-25 02:16:46 --> ErrorException: Undefined array key "uploaded_at"
[Method: GET, Route: student/dashboard]
in APPPATH\Views\student\dashboard.php on line 322.
 1 APPPATH\Views\student\dashboard.php(322): CodeIgniter\Debug\Exceptions->errorHandler(2, 'Undefined array key "uploaded_at"', 'C:\\xampp\\htdocs\\ITE311-BAYANI\\app\\Views\\student\\dashboard.php', 322)
 2 SYSTEMPATH\View\View.php(226): include('C:\\xampp\\htdocs\\ITE311-BAYANI\\app\\Views\\student\\dashboard.php')
 3 SYSTEMPATH\View\View.php(229): CodeIgniter\View\View->CodeIgniter\View\{closure}()
 4 SYSTEMPATH\Common.php(1167): CodeIgniter\View\View->render('student/dashboard', [], true)
 5 APPPATH\Controllers\StudentController.php(57): view('student/dashboard', [...])
 6 SYSTEMPATH\CodeIgniter.php(933): App\Controllers\StudentController->dashboard()
 7 SYSTEMPATH\CodeIgniter.php(507): CodeIgniter\CodeIgniter->runController(Object(App\Controllers\StudentController))
 8 SYSTEMPATH\CodeIgniter.php(354): CodeIgniter\CodeIgniter->handleRequest(null, Object(Config\Cache), false)
 9 SYSTEMPATH\Boot.php(363): CodeIgniter\CodeIgniter->run()
10 SYSTEMPATH\Boot.php(68): CodeIgniter\Boot::runCodeIgniter(Object(CodeIgniter\CodeIgniter))
11 FCPATH\index.php(63): CodeIgniter\Boot::bootWeb(Object(Config\Paths))
CRITICAL - 2025-11-25 02:16:47 --> ErrorException: Undefined array key "uploaded_at"
[Method: GET, Route: student/dashboard]
in APPPATH\Views\student\dashboard.php on line 322.
 1 APPPATH\Views\student\dashboard.php(322): CodeIgniter\Debug\Exceptions->errorHandler(2, 'Undefined array key "uploaded_at"', 'C:\\xampp\\htdocs\\ITE311-BAYANI\\app\\Views\\student\\dashboard.php', 322)
 2 SYSTEMPATH\View\View.php(226): include('C:\\xampp\\htdocs\\ITE311-BAYANI\\app\\Views\\student\\dashboard.php')
 3 SYSTEMPATH\View\View.php(229): CodeIgniter\View\View->CodeIgniter\View\{closure}()
 4 SYSTEMPATH\Common.php(1167): CodeIgniter\View\View->render('student/dashboard', [], true)
 5 APPPATH\Controllers\StudentController.php(57): view('student/dashboard', [...])
 6 SYSTEMPATH\CodeIgniter.php(933): App\Controllers\StudentController->dashboard()
 7 SYSTEMPATH\CodeIgniter.php(507): CodeIgniter\CodeIgniter->runController(Object(App\Controllers\StudentController))
 8 SYSTEMPATH\CodeIgniter.php(354): CodeIgniter\CodeIgniter->handleRequest(null, Object(Config\Cache), false)
 9 SYSTEMPATH\Boot.php(363): CodeIgniter\CodeIgniter->run()
10 SYSTEMPATH\Boot.php(68): CodeIgniter\Boot::runCodeIgniter(Object(CodeIgniter\CodeIgniter))
11 FCPATH\index.php(63): CodeIgniter\Boot::bootWeb(Object(Config\Paths))
CRITICAL - 2025-11-25 02:16:47 --> ErrorException: Undefined array key "uploaded_at"
[Method: GET, Route: student/dashboard]
in APPPATH\Views\student\dashboard.php on line 322.
 1 APPPATH\Views\student\dashboard.php(322): CodeIgniter\Debug\Exceptions->errorHandler(2, 'Undefined array key "uploaded_at"', 'C:\\xampp\\htdocs\\ITE311-BAYANI\\app\\Views\\student\\dashboard.php', 322)
 2 SYSTEMPATH\View\View.php(226): include('C:\\xampp\\htdocs\\ITE311-BAYANI\\app\\Views\\student\\dashboard.php')
 3 SYSTEMPATH\View\View.php(229): CodeIgniter\View\View->CodeIgniter\View\{closure}()
 4 SYSTEMPATH\Common.php(1167): CodeIgniter\View\View->render('student/dashboard', [], true)
 5 APPPATH\Controllers\StudentController.php(57): view('student/dashboard', [...])
 6 SYSTEMPATH\CodeIgniter.php(933): App\Controllers\StudentController->dashboard()
 7 SYSTEMPATH\CodeIgniter.php(507): CodeIgniter\CodeIgniter->runController(Object(App\Controllers\StudentController))
 8 SYSTEMPATH\CodeIgniter.php(354): CodeIgniter\CodeIgniter->handleRequest(null, Object(Config\Cache), false)
 9 SYSTEMPATH\Boot.php(363): CodeIgniter\CodeIgniter->run()
10 SYSTEMPATH\Boot.php(68): CodeIgniter\Boot::runCodeIgniter(Object(CodeIgniter\CodeIgniter))
11 FCPATH\index.php(63): CodeIgniter\Boot::bootWeb(Object(Config\Paths))
CRITICAL - 2025-11-25 02:17:29 --> ErrorException: Undefined array key "uploaded_at"
[Method: GET, Route: student/dashboard]
in APPPATH\Views\student\dashboard.php on line 324.
 1 APPPATH\Views\student\dashboard.php(324): CodeIgniter\Debug\Exceptions->errorHandler(2, 'Undefined array key "uploaded_at"', 'C:\\xampp\\htdocs\\ITE311-BAYANI\\app\\Views\\student\\dashboard.php', 324)
 2 SYSTEMPATH\View\View.php(226): include('C:\\xampp\\htdocs\\ITE311-BAYANI\\app\\Views\\student\\dashboard.php')
 3 SYSTEMPATH\View\View.php(229): CodeIgniter\View\View->CodeIgniter\View\{closure}()
 4 SYSTEMPATH\Common.php(1167): CodeIgniter\View\View->render('student/dashboard', [], true)
 5 APPPATH\Controllers\StudentController.php(57): view('student/dashboard', [...])
 6 SYSTEMPATH\CodeIgniter.php(933): App\Controllers\StudentController->dashboard()
 7 SYSTEMPATH\CodeIgniter.php(507): CodeIgniter\CodeIgniter->runController(Object(App\Controllers\StudentController))
 8 SYSTEMPATH\CodeIgniter.php(354): CodeIgniter\CodeIgniter->handleRequest(null, Object(Config\Cache), false)
 9 SYSTEMPATH\Boot.php(363): CodeIgniter\CodeIgniter->run()
10 SYSTEMPATH\Boot.php(68): CodeIgniter\Boot::runCodeIgniter(Object(CodeIgniter\CodeIgniter))
11 FCPATH\index.php(63): CodeIgniter\Boot::bootWeb(Object(Config\Paths))
CRITICAL - 2025-11-25 02:17:30 --> ErrorException: Undefined array key "uploaded_at"
[Method: GET, Route: student/dashboard]
in APPPATH\Views\student\dashboard.php on line 324.
 1 APPPATH\Views\student\dashboard.php(324): CodeIgniter\Debug\Exceptions->errorHandler(2, 'Undefined array key "uploaded_at"', 'C:\\xampp\\htdocs\\ITE311-BAYANI\\app\\Views\\student\\dashboard.php', 324)
 2 SYSTEMPATH\View\View.php(226): include('C:\\xampp\\htdocs\\ITE311-BAYANI\\app\\Views\\student\\dashboard.php')
 3 SYSTEMPATH\View\View.php(229): CodeIgniter\View\View->CodeIgniter\View\{closure}()
 4 SYSTEMPATH\Common.php(1167): CodeIgniter\View\View->render('student/dashboard', [], true)
 5 APPPATH\Controllers\StudentController.php(57): view('student/dashboard', [...])
 6 SYSTEMPATH\CodeIgniter.php(933): App\Controllers\StudentController->dashboard()
 7 SYSTEMPATH\CodeIgniter.php(507): CodeIgniter\CodeIgniter->runController(Object(App\Controllers\StudentController))
 8 SYSTEMPATH\CodeIgniter.php(354): CodeIgniter\CodeIgniter->handleRequest(null, Object(Config\Cache), false)
 9 SYSTEMPATH\Boot.php(363): CodeIgniter\CodeIgniter->run()
10 SYSTEMPATH\Boot.php(68): CodeIgniter\Boot::runCodeIgniter(Object(CodeIgniter\CodeIgniter))
11 FCPATH\index.php(63): CodeIgniter\Boot::bootWeb(Object(Config\Paths))
CRITICAL - 2025-11-25 02:17:31 --> ErrorException: Undefined array key "uploaded_at"
[Method: GET, Route: student/dashboard]
in APPPATH\Views\student\dashboard.php on line 324.
 1 APPPATH\Views\student\dashboard.php(324): CodeIgniter\Debug\Exceptions->errorHandler(2, 'Undefined array key "uploaded_at"', 'C:\\xampp\\htdocs\\ITE311-BAYANI\\app\\Views\\student\\dashboard.php', 324)
 2 SYSTEMPATH\View\View.php(226): include('C:\\xampp\\htdocs\\ITE311-BAYANI\\app\\Views\\student\\dashboard.php')
 3 SYSTEMPATH\View\View.php(229): CodeIgniter\View\View->CodeIgniter\View\{closure}()
 4 SYSTEMPATH\Common.php(1167): CodeIgniter\View\View->render('student/dashboard', [], true)
 5 APPPATH\Controllers\StudentController.php(57): view('student/dashboard', [...])
 6 SYSTEMPATH\CodeIgniter.php(933): App\Controllers\StudentController->dashboard()
 7 SYSTEMPATH\CodeIgniter.php(507): CodeIgniter\CodeIgniter->runController(Object(App\Controllers\StudentController))
 8 SYSTEMPATH\CodeIgniter.php(354): CodeIgniter\CodeIgniter->handleRequest(null, Object(Config\Cache), false)
 9 SYSTEMPATH\Boot.php(363): CodeIgniter\CodeIgniter->run()
10 SYSTEMPATH\Boot.php(68): CodeIgniter\Boot::runCodeIgniter(Object(CodeIgniter\CodeIgniter))
11 FCPATH\index.php(63): CodeIgniter\Boot::bootWeb(Object(Config\Paths))
CRITICAL - 2025-11-25 02:17:31 --> ErrorException: Undefined array key "uploaded_at"
[Method: GET, Route: student/dashboard]
in APPPATH\Views\student\dashboard.php on line 324.
 1 APPPATH\Views\student\dashboard.php(324): CodeIgniter\Debug\Exceptions->errorHandler(2, 'Undefined array key "uploaded_at"', 'C:\\xampp\\htdocs\\ITE311-BAYANI\\app\\Views\\student\\dashboard.php', 324)
 2 SYSTEMPATH\View\View.php(226): include('C:\\xampp\\htdocs\\ITE311-BAYANI\\app\\Views\\student\\dashboard.php')
 3 SYSTEMPATH\View\View.php(229): CodeIgniter\View\View->CodeIgniter\View\{closure}()
 4 SYSTEMPATH\Common.php(1167): CodeIgniter\View\View->render('student/dashboard', [], true)
 5 APPPATH\Controllers\StudentController.php(57): view('student/dashboard', [...])
 6 SYSTEMPATH\CodeIgniter.php(933): App\Controllers\StudentController->dashboard()
 7 SYSTEMPATH\CodeIgniter.php(507): CodeIgniter\CodeIgniter->runController(Object(App\Controllers\StudentController))
 8 SYSTEMPATH\CodeIgniter.php(354): CodeIgniter\CodeIgniter->handleRequest(null, Object(Config\Cache), false)
 9 SYSTEMPATH\Boot.php(363): CodeIgniter\CodeIgniter->run()
10 SYSTEMPATH\Boot.php(68): CodeIgniter\Boot::runCodeIgniter(Object(CodeIgniter\CodeIgniter))
11 FCPATH\index.php(63): CodeIgniter\Boot::bootWeb(Object(Config\Paths))
CRITICAL - 2025-11-25 02:17:31 --> ErrorException: Undefined array key "uploaded_at"
[Method: GET, Route: student/dashboard]
in APPPATH\Views\student\dashboard.php on line 324.
 1 APPPATH\Views\student\dashboard.php(324): CodeIgniter\Debug\Exceptions->errorHandler(2, 'Undefined array key "uploaded_at"', 'C:\\xampp\\htdocs\\ITE311-BAYANI\\app\\Views\\student\\dashboard.php', 324)
 2 SYSTEMPATH\View\View.php(226): include('C:\\xampp\\htdocs\\ITE311-BAYANI\\app\\Views\\student\\dashboard.php')
 3 SYSTEMPATH\View\View.php(229): CodeIgniter\View\View->CodeIgniter\View\{closure}()
 4 SYSTEMPATH\Common.php(1167): CodeIgniter\View\View->render('student/dashboard', [], true)
 5 APPPATH\Controllers\StudentController.php(57): view('student/dashboard', [...])
 6 SYSTEMPATH\CodeIgniter.php(933): App\Controllers\StudentController->dashboard()
 7 SYSTEMPATH\CodeIgniter.php(507): CodeIgniter\CodeIgniter->runController(Object(App\Controllers\StudentController))
 8 SYSTEMPATH\CodeIgniter.php(354): CodeIgniter\CodeIgniter->handleRequest(null, Object(Config\Cache), false)
 9 SYSTEMPATH\Boot.php(363): CodeIgniter\CodeIgniter->run()
10 SYSTEMPATH\Boot.php(68): CodeIgniter\Boot::runCodeIgniter(Object(CodeIgniter\CodeIgniter))
11 FCPATH\index.php(63): CodeIgniter\Boot::bootWeb(Object(Config\Paths))
CRITICAL - 2025-11-25 02:17:32 --> ErrorException: Undefined array key "uploaded_at"
[Method: GET, Route: student/dashboard]
in APPPATH\Views\student\dashboard.php on line 324.
 1 APPPATH\Views\student\dashboard.php(324): CodeIgniter\Debug\Exceptions->errorHandler(2, 'Undefined array key "uploaded_at"', 'C:\\xampp\\htdocs\\ITE311-BAYANI\\app\\Views\\student\\dashboard.php', 324)
 2 SYSTEMPATH\View\View.php(226): include('C:\\xampp\\htdocs\\ITE311-BAYANI\\app\\Views\\student\\dashboard.php')
 3 SYSTEMPATH\View\View.php(229): CodeIgniter\View\View->CodeIgniter\View\{closure}()
 4 SYSTEMPATH\Common.php(1167): CodeIgniter\View\View->render('student/dashboard', [], true)
 5 APPPATH\Controllers\StudentController.php(57): view('student/dashboard', [...])
 6 SYSTEMPATH\CodeIgniter.php(933): App\Controllers\StudentController->dashboard()
 7 SYSTEMPATH\CodeIgniter.php(507): CodeIgniter\CodeIgniter->runController(Object(App\Controllers\StudentController))
 8 SYSTEMPATH\CodeIgniter.php(354): CodeIgniter\CodeIgniter->handleRequest(null, Object(Config\Cache), false)
 9 SYSTEMPATH\Boot.php(363): CodeIgniter\CodeIgniter->run()
10 SYSTEMPATH\Boot.php(68): CodeIgniter\Boot::runCodeIgniter(Object(CodeIgniter\CodeIgniter))
11 FCPATH\index.php(63): CodeIgniter\Boot::bootWeb(Object(Config\Paths))
CRITICAL - 2025-11-25 02:17:32 --> ErrorException: Undefined array key "uploaded_at"
[Method: GET, Route: student/dashboard]
in APPPATH\Views\student\dashboard.php on line 324.
 1 APPPATH\Views\student\dashboard.php(324): CodeIgniter\Debug\Exceptions->errorHandler(2, 'Undefined array key "uploaded_at"', 'C:\\xampp\\htdocs\\ITE311-BAYANI\\app\\Views\\student\\dashboard.php', 324)
 2 SYSTEMPATH\View\View.php(226): include('C:\\xampp\\htdocs\\ITE311-BAYANI\\app\\Views\\student\\dashboard.php')
 3 SYSTEMPATH\View\View.php(229): CodeIgniter\View\View->CodeIgniter\View\{closure}()
 4 SYSTEMPATH\Common.php(1167): CodeIgniter\View\View->render('student/dashboard', [], true)
 5 APPPATH\Controllers\StudentController.php(57): view('student/dashboard', [...])
 6 SYSTEMPATH\CodeIgniter.php(933): App\Controllers\StudentController->dashboard()
 7 SYSTEMPATH\CodeIgniter.php(507): CodeIgniter\CodeIgniter->runController(Object(App\Controllers\StudentController))
 8 SYSTEMPATH\CodeIgniter.php(354): CodeIgniter\CodeIgniter->handleRequest(null, Object(Config\Cache), false)
 9 SYSTEMPATH\Boot.php(363): CodeIgniter\CodeIgniter->run()
10 SYSTEMPATH\Boot.php(68): CodeIgniter\Boot::runCodeIgniter(Object(CodeIgniter\CodeIgniter))
11 FCPATH\index.php(63): CodeIgniter\Boot::bootWeb(Object(Config\Paths))
CRITICAL - 2025-11-25 02:17:33 --> ErrorException: Undefined array key "uploaded_at"
[Method: GET, Route: student/dashboard]
in APPPATH\Views\student\dashboard.php on line 324.
 1 APPPATH\Views\student\dashboard.php(324): CodeIgniter\Debug\Exceptions->errorHandler(2, 'Undefined array key "uploaded_at"', 'C:\\xampp\\htdocs\\ITE311-BAYANI\\app\\Views\\student\\dashboard.php', 324)
 2 SYSTEMPATH\View\View.php(226): include('C:\\xampp\\htdocs\\ITE311-BAYANI\\app\\Views\\student\\dashboard.php')
 3 SYSTEMPATH\View\View.php(229): CodeIgniter\View\View->CodeIgniter\View\{closure}()
 4 SYSTEMPATH\Common.php(1167): CodeIgniter\View\View->render('student/dashboard', [], true)
 5 APPPATH\Controllers\StudentController.php(57): view('student/dashboard', [...])
 6 SYSTEMPATH\CodeIgniter.php(933): App\Controllers\StudentController->dashboard()
 7 SYSTEMPATH\CodeIgniter.php(507): CodeIgniter\CodeIgniter->runController(Object(App\Controllers\StudentController))
 8 SYSTEMPATH\CodeIgniter.php(354): CodeIgniter\CodeIgniter->handleRequest(null, Object(Config\Cache), false)
 9 SYSTEMPATH\Boot.php(363): CodeIgniter\CodeIgniter->run()
10 SYSTEMPATH\Boot.php(68): CodeIgniter\Boot::runCodeIgniter(Object(CodeIgniter\CodeIgniter))
11 FCPATH\index.php(63): CodeIgniter\Boot::bootWeb(Object(Config\Paths))
CRITICAL - 2025-11-25 02:17:33 --> ErrorException: Undefined array key "uploaded_at"
[Method: GET, Route: student/dashboard]
in APPPATH\Views\student\dashboard.php on line 324.
 1 APPPATH\Views\student\dashboard.php(324): CodeIgniter\Debug\Exceptions->errorHandler(2, 'Undefined array key "uploaded_at"', 'C:\\xampp\\htdocs\\ITE311-BAYANI\\app\\Views\\student\\dashboard.php', 324)
 2 SYSTEMPATH\View\View.php(226): include('C:\\xampp\\htdocs\\ITE311-BAYANI\\app\\Views\\student\\dashboard.php')
 3 SYSTEMPATH\View\View.php(229): CodeIgniter\View\View->CodeIgniter\View\{closure}()
 4 SYSTEMPATH\Common.php(1167): CodeIgniter\View\View->render('student/dashboard', [], true)
 5 APPPATH\Controllers\StudentController.php(57): view('student/dashboard', [...])
 6 SYSTEMPATH\CodeIgniter.php(933): App\Controllers\StudentController->dashboard()
 7 SYSTEMPATH\CodeIgniter.php(507): CodeIgniter\CodeIgniter->runController(Object(App\Controllers\StudentController))
 8 SYSTEMPATH\CodeIgniter.php(354): CodeIgniter\CodeIgniter->handleRequest(null, Object(Config\Cache), false)
 9 SYSTEMPATH\Boot.php(363): CodeIgniter\CodeIgniter->run()
10 SYSTEMPATH\Boot.php(68): CodeIgniter\Boot::runCodeIgniter(Object(CodeIgniter\CodeIgniter))
11 FCPATH\index.php(63): CodeIgniter\Boot::bootWeb(Object(Config\Paths))
CRITICAL - 2025-11-25 02:17:33 --> ErrorException: Undefined array key "uploaded_at"
[Method: GET, Route: student/dashboard]
in APPPATH\Views\student\dashboard.php on line 324.
 1 APPPATH\Views\student\dashboard.php(324): CodeIgniter\Debug\Exceptions->errorHandler(2, 'Undefined array key "uploaded_at"', 'C:\\xampp\\htdocs\\ITE311-BAYANI\\app\\Views\\student\\dashboard.php', 324)
 2 SYSTEMPATH\View\View.php(226): include('C:\\xampp\\htdocs\\ITE311-BAYANI\\app\\Views\\student\\dashboard.php')
 3 SYSTEMPATH\View\View.php(229): CodeIgniter\View\View->CodeIgniter\View\{closure}()
 4 SYSTEMPATH\Common.php(1167): CodeIgniter\View\View->render('student/dashboard', [], true)
 5 APPPATH\Controllers\StudentController.php(57): view('student/dashboard', [...])
 6 SYSTEMPATH\CodeIgniter.php(933): App\Controllers\StudentController->dashboard()
 7 SYSTEMPATH\CodeIgniter.php(507): CodeIgniter\CodeIgniter->runController(Object(App\Controllers\StudentController))
 8 SYSTEMPATH\CodeIgniter.php(354): CodeIgniter\CodeIgniter->handleRequest(null, Object(Config\Cache), false)
 9 SYSTEMPATH\Boot.php(363): CodeIgniter\CodeIgniter->run()
10 SYSTEMPATH\Boot.php(68): CodeIgniter\Boot::runCodeIgniter(Object(CodeIgniter\CodeIgniter))
11 FCPATH\index.php(63): CodeIgniter\Boot::bootWeb(Object(Config\Paths))
CRITICAL - 2025-11-25 02:17:33 --> ErrorException: Undefined array key "uploaded_at"
[Method: GET, Route: student/dashboard]
in APPPATH\Views\student\dashboard.php on line 324.
 1 APPPATH\Views\student\dashboard.php(324): CodeIgniter\Debug\Exceptions->errorHandler(2, 'Undefined array key "uploaded_at"', 'C:\\xampp\\htdocs\\ITE311-BAYANI\\app\\Views\\student\\dashboard.php', 324)
 2 SYSTEMPATH\View\View.php(226): include('C:\\xampp\\htdocs\\ITE311-BAYANI\\app\\Views\\student\\dashboard.php')
 3 SYSTEMPATH\View\View.php(229): CodeIgniter\View\View->CodeIgniter\View\{closure}()
 4 SYSTEMPATH\Common.php(1167): CodeIgniter\View\View->render('student/dashboard', [], true)
 5 APPPATH\Controllers\StudentController.php(57): view('student/dashboard', [...])
 6 SYSTEMPATH\CodeIgniter.php(933): App\Controllers\StudentController->dashboard()
 7 SYSTEMPATH\CodeIgniter.php(507): CodeIgniter\CodeIgniter->runController(Object(App\Controllers\StudentController))
 8 SYSTEMPATH\CodeIgniter.php(354): CodeIgniter\CodeIgniter->handleRequest(null, Object(Config\Cache), false)
 9 SYSTEMPATH\Boot.php(363): CodeIgniter\CodeIgniter->run()
10 SYSTEMPATH\Boot.php(68): CodeIgniter\Boot::runCodeIgniter(Object(CodeIgniter\CodeIgniter))
11 FCPATH\index.php(63): CodeIgniter\Boot::bootWeb(Object(Config\Paths))
CRITICAL - 2025-11-25 02:17:33 --> ErrorException: Undefined array key "uploaded_at"
[Method: GET, Route: student/dashboard]
in APPPATH\Views\student\dashboard.php on line 324.
 1 APPPATH\Views\student\dashboard.php(324): CodeIgniter\Debug\Exceptions->errorHandler(2, 'Undefined array key "uploaded_at"', 'C:\\xampp\\htdocs\\ITE311-BAYANI\\app\\Views\\student\\dashboard.php', 324)
 2 SYSTEMPATH\View\View.php(226): include('C:\\xampp\\htdocs\\ITE311-BAYANI\\app\\Views\\student\\dashboard.php')
 3 SYSTEMPATH\View\View.php(229): CodeIgniter\View\View->CodeIgniter\View\{closure}()
 4 SYSTEMPATH\Common.php(1167): CodeIgniter\View\View->render('student/dashboard', [], true)
 5 APPPATH\Controllers\StudentController.php(57): view('student/dashboard', [...])
 6 SYSTEMPATH\CodeIgniter.php(933): App\Controllers\StudentController->dashboard()
 7 SYSTEMPATH\CodeIgniter.php(507): CodeIgniter\CodeIgniter->runController(Object(App\Controllers\StudentController))
 8 SYSTEMPATH\CodeIgniter.php(354): CodeIgniter\CodeIgniter->handleRequest(null, Object(Config\Cache), false)
 9 SYSTEMPATH\Boot.php(363): CodeIgniter\CodeIgniter->run()
10 SYSTEMPATH\Boot.php(68): CodeIgniter\Boot::runCodeIgniter(Object(CodeIgniter\CodeIgniter))
11 FCPATH\index.php(63): CodeIgniter\Boot::bootWeb(Object(Config\Paths))
CRITICAL - 2025-11-25 02:17:50 --> ErrorException: Undefined array key "uploaded_at"
[Method: GET, Route: student/dashboard]
in APPPATH\Views\student\dashboard.php on line 324.
 1 APPPATH\Views\student\dashboard.php(324): CodeIgniter\Debug\Exceptions->errorHandler(2, 'Undefined array key "uploaded_at"', 'C:\\xampp\\htdocs\\ITE311-BAYANI\\app\\Views\\student\\dashboard.php', 324)
 2 SYSTEMPATH\View\View.php(226): include('C:\\xampp\\htdocs\\ITE311-BAYANI\\app\\Views\\student\\dashboard.php')
 3 SYSTEMPATH\View\View.php(229): CodeIgniter\View\View->CodeIgniter\View\{closure}()
 4 SYSTEMPATH\Common.php(1167): CodeIgniter\View\View->render('student/dashboard', [], true)
 5 APPPATH\Controllers\StudentController.php(57): view('student/dashboard', [...])
 6 SYSTEMPATH\CodeIgniter.php(933): App\Controllers\StudentController->dashboard()
 7 SYSTEMPATH\CodeIgniter.php(507): CodeIgniter\CodeIgniter->runController(Object(App\Controllers\StudentController))
 8 SYSTEMPATH\CodeIgniter.php(354): CodeIgniter\CodeIgniter->handleRequest(null, Object(Config\Cache), false)
 9 SYSTEMPATH\Boot.php(363): CodeIgniter\CodeIgniter->run()
10 SYSTEMPATH\Boot.php(68): CodeIgniter\Boot::runCodeIgniter(Object(CodeIgniter\CodeIgniter))
11 FCPATH\index.php(63): CodeIgniter\Boot::bootWeb(Object(Config\Paths))
CRITICAL - 2025-11-25 02:19:20 --> ParseError: syntax error, unexpected token "endforeach", expecting end of file
[Method: GET, Route: student/dashboard]
in APPPATH\Views\student\dashboard.php on line 310.
 1 SYSTEMPATH\View\View.php(229): CodeIgniter\View\View->CodeIgniter\View\{closure}()
 2 SYSTEMPATH\Common.php(1167): CodeIgniter\View\View->render('student/dashboard', [], true)
 3 APPPATH\Controllers\StudentController.php(62): view('student/dashboard', [...])
 4 SYSTEMPATH\CodeIgniter.php(933): App\Controllers\StudentController->dashboard()
 5 SYSTEMPATH\CodeIgniter.php(507): CodeIgniter\CodeIgniter->runController(Object(App\Controllers\StudentController))
 6 SYSTEMPATH\CodeIgniter.php(354): CodeIgniter\CodeIgniter->handleRequest(null, Object(Config\Cache), false)
 7 SYSTEMPATH\Boot.php(363): CodeIgniter\CodeIgniter->run()
 8 SYSTEMPATH\Boot.php(68): CodeIgniter\Boot::runCodeIgniter(Object(CodeIgniter\CodeIgniter))
 9 FCPATH\index.php(63): CodeIgniter\Boot::bootWeb(Object(Config\Paths))
CRITICAL - 2025-11-25 02:19:21 --> ParseError: syntax error, unexpected token "endforeach", expecting end of file
[Method: GET, Route: student/dashboard]
in APPPATH\Views\student\dashboard.php on line 310.
 1 SYSTEMPATH\View\View.php(229): CodeIgniter\View\View->CodeIgniter\View\{closure}()
 2 SYSTEMPATH\Common.php(1167): CodeIgniter\View\View->render('student/dashboard', [], true)
 3 APPPATH\Controllers\StudentController.php(62): view('student/dashboard', [...])
 4 SYSTEMPATH\CodeIgniter.php(933): App\Controllers\StudentController->dashboard()
 5 SYSTEMPATH\CodeIgniter.php(507): CodeIgniter\CodeIgniter->runController(Object(App\Controllers\StudentController))
 6 SYSTEMPATH\CodeIgniter.php(354): CodeIgniter\CodeIgniter->handleRequest(null, Object(Config\Cache), false)
 7 SYSTEMPATH\Boot.php(363): CodeIgniter\CodeIgniter->run()
 8 SYSTEMPATH\Boot.php(68): CodeIgniter\Boot::runCodeIgniter(Object(CodeIgniter\CodeIgniter))
 9 FCPATH\index.php(63): CodeIgniter\Boot::bootWeb(Object(Config\Paths))
CRITICAL - 2025-11-25 02:19:21 --> ParseError: syntax error, unexpected token "endforeach", expecting end of file
[Method: GET, Route: student/dashboard]
in APPPATH\Views\student\dashboard.php on line 310.
 1 SYSTEMPATH\View\View.php(229): CodeIgniter\View\View->CodeIgniter\View\{closure}()
 2 SYSTEMPATH\Common.php(1167): CodeIgniter\View\View->render('student/dashboard', [], true)
 3 APPPATH\Controllers\StudentController.php(62): view('student/dashboard', [...])
 4 SYSTEMPATH\CodeIgniter.php(933): App\Controllers\StudentController->dashboard()
 5 SYSTEMPATH\CodeIgniter.php(507): CodeIgniter\CodeIgniter->runController(Object(App\Controllers\StudentController))
 6 SYSTEMPATH\CodeIgniter.php(354): CodeIgniter\CodeIgniter->handleRequest(null, Object(Config\Cache), false)
 7 SYSTEMPATH\Boot.php(363): CodeIgniter\CodeIgniter->run()
 8 SYSTEMPATH\Boot.php(68): CodeIgniter\Boot::runCodeIgniter(Object(CodeIgniter\CodeIgniter))
 9 FCPATH\index.php(63): CodeIgniter\Boot::bootWeb(Object(Config\Paths))
CRITICAL - 2025-11-25 02:19:21 --> ParseError: syntax error, unexpected token "endforeach", expecting end of file
[Method: GET, Route: student/dashboard]
in APPPATH\Views\student\dashboard.php on line 310.
 1 SYSTEMPATH\View\View.php(229): CodeIgniter\View\View->CodeIgniter\View\{closure}()
 2 SYSTEMPATH\Common.php(1167): CodeIgniter\View\View->render('student/dashboard', [], true)
 3 APPPATH\Controllers\StudentController.php(62): view('student/dashboard', [...])
 4 SYSTEMPATH\CodeIgniter.php(933): App\Controllers\StudentController->dashboard()
 5 SYSTEMPATH\CodeIgniter.php(507): CodeIgniter\CodeIgniter->runController(Object(App\Controllers\StudentController))
 6 SYSTEMPATH\CodeIgniter.php(354): CodeIgniter\CodeIgniter->handleRequest(null, Object(Config\Cache), false)
 7 SYSTEMPATH\Boot.php(363): CodeIgniter\CodeIgniter->run()
 8 SYSTEMPATH\Boot.php(68): CodeIgniter\Boot::runCodeIgniter(Object(CodeIgniter\CodeIgniter))
 9 FCPATH\index.php(63): CodeIgniter\Boot::bootWeb(Object(Config\Paths))
CRITICAL - 2025-11-25 02:19:21 --> ParseError: syntax error, unexpected token "endforeach", expecting end of file
[Method: GET, Route: student/dashboard]
in APPPATH\Views\student\dashboard.php on line 310.
 1 SYSTEMPATH\View\View.php(229): CodeIgniter\View\View->CodeIgniter\View\{closure}()
 2 SYSTEMPATH\Common.php(1167): CodeIgniter\View\View->render('student/dashboard', [], true)
 3 APPPATH\Controllers\StudentController.php(62): view('student/dashboard', [...])
 4 SYSTEMPATH\CodeIgniter.php(933): App\Controllers\StudentController->dashboard()
 5 SYSTEMPATH\CodeIgniter.php(507): CodeIgniter\CodeIgniter->runController(Object(App\Controllers\StudentController))
 6 SYSTEMPATH\CodeIgniter.php(354): CodeIgniter\CodeIgniter->handleRequest(null, Object(Config\Cache), false)
 7 SYSTEMPATH\Boot.php(363): CodeIgniter\CodeIgniter->run()
 8 SYSTEMPATH\Boot.php(68): CodeIgniter\Boot::runCodeIgniter(Object(CodeIgniter\CodeIgniter))
 9 FCPATH\index.php(63): CodeIgniter\Boot::bootWeb(Object(Config\Paths))
CRITICAL - 2025-11-25 02:19:21 --> ParseError: syntax error, unexpected token "endforeach", expecting end of file
[Method: GET, Route: student/dashboard]
in APPPATH\Views\student\dashboard.php on line 310.
 1 SYSTEMPATH\View\View.php(229): CodeIgniter\View\View->CodeIgniter\View\{closure}()
 2 SYSTEMPATH\Common.php(1167): CodeIgniter\View\View->render('student/dashboard', [], true)
 3 APPPATH\Controllers\StudentController.php(62): view('student/dashboard', [...])
 4 SYSTEMPATH\CodeIgniter.php(933): App\Controllers\StudentController->dashboard()
 5 SYSTEMPATH\CodeIgniter.php(507): CodeIgniter\CodeIgniter->runController(Object(App\Controllers\StudentController))
 6 SYSTEMPATH\CodeIgniter.php(354): CodeIgniter\CodeIgniter->handleRequest(null, Object(Config\Cache), false)
 7 SYSTEMPATH\Boot.php(363): CodeIgniter\CodeIgniter->run()
 8 SYSTEMPATH\Boot.php(68): CodeIgniter\Boot::runCodeIgniter(Object(CodeIgniter\CodeIgniter))
 9 FCPATH\index.php(63): CodeIgniter\Boot::bootWeb(Object(Config\Paths))
CRITICAL - 2025-11-25 02:19:22 --> ParseError: syntax error, unexpected token "endforeach", expecting end of file
[Method: GET, Route: student/dashboard]
in APPPATH\Views\student\dashboard.php on line 310.
 1 SYSTEMPATH\View\View.php(229): CodeIgniter\View\View->CodeIgniter\View\{closure}()
 2 SYSTEMPATH\Common.php(1167): CodeIgniter\View\View->render('student/dashboard', [], true)
 3 APPPATH\Controllers\StudentController.php(62): view('student/dashboard', [...])
 4 SYSTEMPATH\CodeIgniter.php(933): App\Controllers\StudentController->dashboard()
 5 SYSTEMPATH\CodeIgniter.php(507): CodeIgniter\CodeIgniter->runController(Object(App\Controllers\StudentController))
 6 SYSTEMPATH\CodeIgniter.php(354): CodeIgniter\CodeIgniter->handleRequest(null, Object(Config\Cache), false)
 7 SYSTEMPATH\Boot.php(363): CodeIgniter\CodeIgniter->run()
 8 SYSTEMPATH\Boot.php(68): CodeIgniter\Boot::runCodeIgniter(Object(CodeIgniter\CodeIgniter))
 9 FCPATH\index.php(63): CodeIgniter\Boot::bootWeb(Object(Config\Paths))
CRITICAL - 2025-11-25 02:19:22 --> ParseError: syntax error, unexpected token "endforeach", expecting end of file
[Method: GET, Route: student/dashboard]
in APPPATH\Views\student\dashboard.php on line 310.
 1 SYSTEMPATH\View\View.php(229): CodeIgniter\View\View->CodeIgniter\View\{closure}()
 2 SYSTEMPATH\Common.php(1167): CodeIgniter\View\View->render('student/dashboard', [], true)
 3 APPPATH\Controllers\StudentController.php(62): view('student/dashboard', [...])
 4 SYSTEMPATH\CodeIgniter.php(933): App\Controllers\StudentController->dashboard()
 5 SYSTEMPATH\CodeIgniter.php(507): CodeIgniter\CodeIgniter->runController(Object(App\Controllers\StudentController))
 6 SYSTEMPATH\CodeIgniter.php(354): CodeIgniter\CodeIgniter->handleRequest(null, Object(Config\Cache), false)
 7 SYSTEMPATH\Boot.php(363): CodeIgniter\CodeIgniter->run()
 8 SYSTEMPATH\Boot.php(68): CodeIgniter\Boot::runCodeIgniter(Object(CodeIgniter\CodeIgniter))
 9 FCPATH\index.php(63): CodeIgniter\Boot::bootWeb(Object(Config\Paths))
CRITICAL - 2025-11-25 02:19:22 --> ParseError: syntax error, unexpected token "endforeach", expecting end of file
[Method: GET, Route: student/dashboard]
in APPPATH\Views\student\dashboard.php on line 310.
 1 SYSTEMPATH\View\View.php(229): CodeIgniter\View\View->CodeIgniter\View\{closure}()
 2 SYSTEMPATH\Common.php(1167): CodeIgniter\View\View->render('student/dashboard', [], true)
 3 APPPATH\Controllers\StudentController.php(62): view('student/dashboard', [...])
 4 SYSTEMPATH\CodeIgniter.php(933): App\Controllers\StudentController->dashboard()
 5 SYSTEMPATH\CodeIgniter.php(507): CodeIgniter\CodeIgniter->runController(Object(App\Controllers\StudentController))
 6 SYSTEMPATH\CodeIgniter.php(354): CodeIgniter\CodeIgniter->handleRequest(null, Object(Config\Cache), false)
 7 SYSTEMPATH\Boot.php(363): CodeIgniter\CodeIgniter->run()
 8 SYSTEMPATH\Boot.php(68): CodeIgniter\Boot::runCodeIgniter(Object(CodeIgniter\CodeIgniter))
 9 FCPATH\index.php(63): CodeIgniter\Boot::bootWeb(Object(Config\Paths))
CRITICAL - 2025-11-25 02:19:23 --> ParseError: syntax error, unexpected token "endforeach", expecting end of file
[Method: GET, Route: student/dashboard]
in APPPATH\Views\student\dashboard.php on line 310.
 1 SYSTEMPATH\View\View.php(229): CodeIgniter\View\View->CodeIgniter\View\{closure}()
 2 SYSTEMPATH\Common.php(1167): CodeIgniter\View\View->render('student/dashboard', [], true)
 3 APPPATH\Controllers\StudentController.php(62): view('student/dashboard', [...])
 4 SYSTEMPATH\CodeIgniter.php(933): App\Controllers\StudentController->dashboard()
 5 SYSTEMPATH\CodeIgniter.php(507): CodeIgniter\CodeIgniter->runController(Object(App\Controllers\StudentController))
 6 SYSTEMPATH\CodeIgniter.php(354): CodeIgniter\CodeIgniter->handleRequest(null, Object(Config\Cache), false)
 7 SYSTEMPATH\Boot.php(363): CodeIgniter\CodeIgniter->run()
 8 SYSTEMPATH\Boot.php(68): CodeIgniter\Boot::runCodeIgniter(Object(CodeIgniter\CodeIgniter))
 9 FCPATH\index.php(63): CodeIgniter\Boot::bootWeb(Object(Config\Paths))
CRITICAL - 2025-11-25 02:19:23 --> ParseError: syntax error, unexpected token "endforeach", expecting end of file
[Method: GET, Route: student/dashboard]
in APPPATH\Views\student\dashboard.php on line 310.
 1 SYSTEMPATH\View\View.php(229): CodeIgniter\View\View->CodeIgniter\View\{closure}()
 2 SYSTEMPATH\Common.php(1167): CodeIgniter\View\View->render('student/dashboard', [], true)
 3 APPPATH\Controllers\StudentController.php(62): view('student/dashboard', [...])
 4 SYSTEMPATH\CodeIgniter.php(933): App\Controllers\StudentController->dashboard()
 5 SYSTEMPATH\CodeIgniter.php(507): CodeIgniter\CodeIgniter->runController(Object(App\Controllers\StudentController))
 6 SYSTEMPATH\CodeIgniter.php(354): CodeIgniter\CodeIgniter->handleRequest(null, Object(Config\Cache), false)
 7 SYSTEMPATH\Boot.php(363): CodeIgniter\CodeIgniter->run()
 8 SYSTEMPATH\Boot.php(68): CodeIgniter\Boot::runCodeIgniter(Object(CodeIgniter\CodeIgniter))
 9 FCPATH\index.php(63): CodeIgniter\Boot::bootWeb(Object(Config\Paths))
CRITICAL - 2025-11-25 02:19:23 --> ParseError: syntax error, unexpected token "endforeach", expecting end of file
[Method: GET, Route: student/dashboard]
in APPPATH\Views\student\dashboard.php on line 310.
 1 SYSTEMPATH\View\View.php(229): CodeIgniter\View\View->CodeIgniter\View\{closure}()
 2 SYSTEMPATH\Common.php(1167): CodeIgniter\View\View->render('student/dashboard', [], true)
 3 APPPATH\Controllers\StudentController.php(62): view('student/dashboard', [...])
 4 SYSTEMPATH\CodeIgniter.php(933): App\Controllers\StudentController->dashboard()
 5 SYSTEMPATH\CodeIgniter.php(507): CodeIgniter\CodeIgniter->runController(Object(App\Controllers\StudentController))
 6 SYSTEMPATH\CodeIgniter.php(354): CodeIgniter\CodeIgniter->handleRequest(null, Object(Config\Cache), false)
 7 SYSTEMPATH\Boot.php(363): CodeIgniter\CodeIgniter->run()
 8 SYSTEMPATH\Boot.php(68): CodeIgniter\Boot::runCodeIgniter(Object(CodeIgniter\CodeIgniter))
 9 FCPATH\index.php(63): CodeIgniter\Boot::bootWeb(Object(Config\Paths))
CRITICAL - 2025-11-25 02:19:23 --> ParseError: syntax error, unexpected token "endforeach", expecting end of file
[Method: GET, Route: student/dashboard]
in APPPATH\Views\student\dashboard.php on line 310.
 1 SYSTEMPATH\View\View.php(229): CodeIgniter\View\View->CodeIgniter\View\{closure}()
 2 SYSTEMPATH\Common.php(1167): CodeIgniter\View\View->render('student/dashboard', [], true)
 3 APPPATH\Controllers\StudentController.php(62): view('student/dashboard', [...])
 4 SYSTEMPATH\CodeIgniter.php(933): App\Controllers\StudentController->dashboard()
 5 SYSTEMPATH\CodeIgniter.php(507): CodeIgniter\CodeIgniter->runController(Object(App\Controllers\StudentController))
 6 SYSTEMPATH\CodeIgniter.php(354): CodeIgniter\CodeIgniter->handleRequest(null, Object(Config\Cache), false)
 7 SYSTEMPATH\Boot.php(363): CodeIgniter\CodeIgniter->run()
 8 SYSTEMPATH\Boot.php(68): CodeIgniter\Boot::runCodeIgniter(Object(CodeIgniter\CodeIgniter))
 9 FCPATH\index.php(63): CodeIgniter\Boot::bootWeb(Object(Config\Paths))
CRITICAL - 2025-11-25 02:19:24 --> ParseError: syntax error, unexpected token "endforeach", expecting end of file
[Method: GET, Route: student/dashboard]
in APPPATH\Views\student\dashboard.php on line 310.
 1 SYSTEMPATH\View\View.php(229): CodeIgniter\View\View->CodeIgniter\View\{closure}()
 2 SYSTEMPATH\Common.php(1167): CodeIgniter\View\View->render('student/dashboard', [], true)
 3 APPPATH\Controllers\StudentController.php(62): view('student/dashboard', [...])
 4 SYSTEMPATH\CodeIgniter.php(933): App\Controllers\StudentController->dashboard()
 5 SYSTEMPATH\CodeIgniter.php(507): CodeIgniter\CodeIgniter->runController(Object(App\Controllers\StudentController))
 6 SYSTEMPATH\CodeIgniter.php(354): CodeIgniter\CodeIgniter->handleRequest(null, Object(Config\Cache), false)
 7 SYSTEMPATH\Boot.php(363): CodeIgniter\CodeIgniter->run()
 8 SYSTEMPATH\Boot.php(68): CodeIgniter\Boot::runCodeIgniter(Object(CodeIgniter\CodeIgniter))
 9 FCPATH\index.php(63): CodeIgniter\Boot::bootWeb(Object(Config\Paths))
CRITICAL - 2025-11-25 02:19:24 --> ParseError: syntax error, unexpected token "endforeach", expecting end of file
[Method: GET, Route: student/dashboard]
in APPPATH\Views\student\dashboard.php on line 310.
 1 SYSTEMPATH\View\View.php(229): CodeIgniter\View\View->CodeIgniter\View\{closure}()
 2 SYSTEMPATH\Common.php(1167): CodeIgniter\View\View->render('student/dashboard', [], true)
 3 APPPATH\Controllers\StudentController.php(62): view('student/dashboard', [...])
 4 SYSTEMPATH\CodeIgniter.php(933): App\Controllers\StudentController->dashboard()
 5 SYSTEMPATH\CodeIgniter.php(507): CodeIgniter\CodeIgniter->runController(Object(App\Controllers\StudentController))
 6 SYSTEMPATH\CodeIgniter.php(354): CodeIgniter\CodeIgniter->handleRequest(null, Object(Config\Cache), false)
 7 SYSTEMPATH\Boot.php(363): CodeIgniter\CodeIgniter->run()
 8 SYSTEMPATH\Boot.php(68): CodeIgniter\Boot::runCodeIgniter(Object(CodeIgniter\CodeIgniter))
 9 FCPATH\index.php(63): CodeIgniter\Boot::bootWeb(Object(Config\Paths))
CRITICAL - 2025-11-25 02:19:24 --> ParseError: syntax error, unexpected token "endforeach", expecting end of file
[Method: GET, Route: student/dashboard]
in APPPATH\Views\student\dashboard.php on line 310.
 1 SYSTEMPATH\View\View.php(229): CodeIgniter\View\View->CodeIgniter\View\{closure}()
 2 SYSTEMPATH\Common.php(1167): CodeIgniter\View\View->render('student/dashboard', [], true)
 3 APPPATH\Controllers\StudentController.php(62): view('student/dashboard', [...])
 4 SYSTEMPATH\CodeIgniter.php(933): App\Controllers\StudentController->dashboard()
 5 SYSTEMPATH\CodeIgniter.php(507): CodeIgniter\CodeIgniter->runController(Object(App\Controllers\StudentController))
 6 SYSTEMPATH\CodeIgniter.php(354): CodeIgniter\CodeIgniter->handleRequest(null, Object(Config\Cache), false)
 7 SYSTEMPATH\Boot.php(363): CodeIgniter\CodeIgniter->run()
 8 SYSTEMPATH\Boot.php(68): CodeIgniter\Boot::runCodeIgniter(Object(CodeIgniter\CodeIgniter))
 9 FCPATH\index.php(63): CodeIgniter\Boot::bootWeb(Object(Config\Paths))
CRITICAL - 2025-11-25 02:19:24 --> ParseError: syntax error, unexpected token "endforeach", expecting end of file
[Method: GET, Route: student/dashboard]
in APPPATH\Views\student\dashboard.php on line 310.
 1 SYSTEMPATH\View\View.php(229): CodeIgniter\View\View->CodeIgniter\View\{closure}()
 2 SYSTEMPATH\Common.php(1167): CodeIgniter\View\View->render('student/dashboard', [], true)
 3 APPPATH\Controllers\StudentController.php(62): view('student/dashboard', [...])
 4 SYSTEMPATH\CodeIgniter.php(933): App\Controllers\StudentController->dashboard()
 5 SYSTEMPATH\CodeIgniter.php(507): CodeIgniter\CodeIgniter->runController(Object(App\Controllers\StudentController))
 6 SYSTEMPATH\CodeIgniter.php(354): CodeIgniter\CodeIgniter->handleRequest(null, Object(Config\Cache), false)
 7 SYSTEMPATH\Boot.php(363): CodeIgniter\CodeIgniter->run()
 8 SYSTEMPATH\Boot.php(68): CodeIgniter\Boot::runCodeIgniter(Object(CodeIgniter\CodeIgniter))
 9 FCPATH\index.php(63): CodeIgniter\Boot::bootWeb(Object(Config\Paths))
CRITICAL - 2025-11-25 02:19:25 --> ParseError: syntax error, unexpected token "endforeach", expecting end of file
[Method: GET, Route: student/dashboard]
in APPPATH\Views\student\dashboard.php on line 310.
 1 SYSTEMPATH\View\View.php(229): CodeIgniter\View\View->CodeIgniter\View\{closure}()
 2 SYSTEMPATH\Common.php(1167): CodeIgniter\View\View->render('student/dashboard', [], true)
 3 APPPATH\Controllers\StudentController.php(62): view('student/dashboard', [...])
 4 SYSTEMPATH\CodeIgniter.php(933): App\Controllers\StudentController->dashboard()
 5 SYSTEMPATH\CodeIgniter.php(507): CodeIgniter\CodeIgniter->runController(Object(App\Controllers\StudentController))
 6 SYSTEMPATH\CodeIgniter.php(354): CodeIgniter\CodeIgniter->handleRequest(null, Object(Config\Cache), false)
 7 SYSTEMPATH\Boot.php(363): CodeIgniter\CodeIgniter->run()
 8 SYSTEMPATH\Boot.php(68): CodeIgniter\Boot::runCodeIgniter(Object(CodeIgniter\CodeIgniter))
 9 FCPATH\index.php(63): CodeIgniter\Boot::bootWeb(Object(Config\Paths))
CRITICAL - 2025-11-25 02:19:25 --> ParseError: syntax error, unexpected token "endforeach", expecting end of file
[Method: GET, Route: student/dashboard]
in APPPATH\Views\student\dashboard.php on line 310.
 1 SYSTEMPATH\View\View.php(229): CodeIgniter\View\View->CodeIgniter\View\{closure}()
 2 SYSTEMPATH\Common.php(1167): CodeIgniter\View\View->render('student/dashboard', [], true)
 3 APPPATH\Controllers\StudentController.php(62): view('student/dashboard', [...])
 4 SYSTEMPATH\CodeIgniter.php(933): App\Controllers\StudentController->dashboard()
 5 SYSTEMPATH\CodeIgniter.php(507): CodeIgniter\CodeIgniter->runController(Object(App\Controllers\StudentController))
 6 SYSTEMPATH\CodeIgniter.php(354): CodeIgniter\CodeIgniter->handleRequest(null, Object(Config\Cache), false)
 7 SYSTEMPATH\Boot.php(363): CodeIgniter\CodeIgniter->run()
 8 SYSTEMPATH\Boot.php(68): CodeIgniter\Boot::runCodeIgniter(Object(CodeIgniter\CodeIgniter))
 9 FCPATH\index.php(63): CodeIgniter\Boot::bootWeb(Object(Config\Paths))
CRITICAL - 2025-11-25 02:19:25 --> ParseError: syntax error, unexpected token "endforeach", expecting end of file
[Method: GET, Route: student/dashboard]
in APPPATH\Views\student\dashboard.php on line 310.
 1 SYSTEMPATH\View\View.php(229): CodeIgniter\View\View->CodeIgniter\View\{closure}()
 2 SYSTEMPATH\Common.php(1167): CodeIgniter\View\View->render('student/dashboard', [], true)
 3 APPPATH\Controllers\StudentController.php(62): view('student/dashboard', [...])
 4 SYSTEMPATH\CodeIgniter.php(933): App\Controllers\StudentController->dashboard()
 5 SYSTEMPATH\CodeIgniter.php(507): CodeIgniter\CodeIgniter->runController(Object(App\Controllers\StudentController))
 6 SYSTEMPATH\CodeIgniter.php(354): CodeIgniter\CodeIgniter->handleRequest(null, Object(Config\Cache), false)
 7 SYSTEMPATH\Boot.php(363): CodeIgniter\CodeIgniter->run()
 8 SYSTEMPATH\Boot.php(68): CodeIgniter\Boot::runCodeIgniter(Object(CodeIgniter\CodeIgniter))
 9 FCPATH\index.php(63): CodeIgniter\Boot::bootWeb(Object(Config\Paths))
CRITICAL - 2025-11-25 02:19:25 --> ParseError: syntax error, unexpected token "endforeach", expecting end of file
[Method: GET, Route: student/dashboard]
in APPPATH\Views\student\dashboard.php on line 310.
 1 SYSTEMPATH\View\View.php(229): CodeIgniter\View\View->CodeIgniter\View\{closure}()
 2 SYSTEMPATH\Common.php(1167): CodeIgniter\View\View->render('student/dashboard', [], true)
 3 APPPATH\Controllers\StudentController.php(62): view('student/dashboard', [...])
 4 SYSTEMPATH\CodeIgniter.php(933): App\Controllers\StudentController->dashboard()
 5 SYSTEMPATH\CodeIgniter.php(507): CodeIgniter\CodeIgniter->runController(Object(App\Controllers\StudentController))
 6 SYSTEMPATH\CodeIgniter.php(354): CodeIgniter\CodeIgniter->handleRequest(null, Object(Config\Cache), false)
 7 SYSTEMPATH\Boot.php(363): CodeIgniter\CodeIgniter->run()
 8 SYSTEMPATH\Boot.php(68): CodeIgniter\Boot::runCodeIgniter(Object(CodeIgniter\CodeIgniter))
 9 FCPATH\index.php(63): CodeIgniter\Boot::bootWeb(Object(Config\Paths))
CRITICAL - 2025-11-25 02:19:26 --> ParseError: syntax error, unexpected token "endforeach", expecting end of file
[Method: GET, Route: student/dashboard]
in APPPATH\Views\student\dashboard.php on line 310.
 1 SYSTEMPATH\View\View.php(229): CodeIgniter\View\View->CodeIgniter\View\{closure}()
 2 SYSTEMPATH\Common.php(1167): CodeIgniter\View\View->render('student/dashboard', [], true)
 3 APPPATH\Controllers\StudentController.php(62): view('student/dashboard', [...])
 4 SYSTEMPATH\CodeIgniter.php(933): App\Controllers\StudentController->dashboard()
 5 SYSTEMPATH\CodeIgniter.php(507): CodeIgniter\CodeIgniter->runController(Object(App\Controllers\StudentController))
 6 SYSTEMPATH\CodeIgniter.php(354): CodeIgniter\CodeIgniter->handleRequest(null, Object(Config\Cache), false)
 7 SYSTEMPATH\Boot.php(363): CodeIgniter\CodeIgniter->run()
 8 SYSTEMPATH\Boot.php(68): CodeIgniter\Boot::runCodeIgniter(Object(CodeIgniter\CodeIgniter))
 9 FCPATH\index.php(63): CodeIgniter\Boot::bootWeb(Object(Config\Paths))
CRITICAL - 2025-11-25 02:19:26 --> ParseError: syntax error, unexpected token "endforeach", expecting end of file
[Method: GET, Route: student/dashboard]
in APPPATH\Views\student\dashboard.php on line 310.
 1 SYSTEMPATH\View\View.php(229): CodeIgniter\View\View->CodeIgniter\View\{closure}()
 2 SYSTEMPATH\Common.php(1167): CodeIgniter\View\View->render('student/dashboard', [], true)
 3 APPPATH\Controllers\StudentController.php(62): view('student/dashboard', [...])
 4 SYSTEMPATH\CodeIgniter.php(933): App\Controllers\StudentController->dashboard()
 5 SYSTEMPATH\CodeIgniter.php(507): CodeIgniter\CodeIgniter->runController(Object(App\Controllers\StudentController))
 6 SYSTEMPATH\CodeIgniter.php(354): CodeIgniter\CodeIgniter->handleRequest(null, Object(Config\Cache), false)
 7 SYSTEMPATH\Boot.php(363): CodeIgniter\CodeIgniter->run()
 8 SYSTEMPATH\Boot.php(68): CodeIgniter\Boot::runCodeIgniter(Object(CodeIgniter\CodeIgniter))
 9 FCPATH\index.php(63): CodeIgniter\Boot::bootWeb(Object(Config\Paths))
CRITICAL - 2025-11-25 02:31:28 --> ParseError: syntax error, unexpected token "endforeach", expecting end of file
[Method: GET, Route: student/dashboard]
in APPPATH\Views\student\dashboard.php on line 290.
 1 SYSTEMPATH\View\View.php(229): CodeIgniter\View\View->CodeIgniter\View\{closure}()
 2 SYSTEMPATH\Common.php(1167): CodeIgniter\View\View->render('student/dashboard', [], true)
 3 APPPATH\Controllers\StudentController.php(62): view('student/dashboard', [...])
 4 SYSTEMPATH\CodeIgniter.php(933): App\Controllers\StudentController->dashboard()
 5 SYSTEMPATH\CodeIgniter.php(507): CodeIgniter\CodeIgniter->runController(Object(App\Controllers\StudentController))
 6 SYSTEMPATH\CodeIgniter.php(354): CodeIgniter\CodeIgniter->handleRequest(null, Object(Config\Cache), false)
 7 SYSTEMPATH\Boot.php(363): CodeIgniter\CodeIgniter->run()
 8 SYSTEMPATH\Boot.php(68): CodeIgniter\Boot::runCodeIgniter(Object(CodeIgniter\CodeIgniter))
 9 FCPATH\index.php(63): CodeIgniter\Boot::bootWeb(Object(Config\Paths))
CRITICAL - 2025-11-25 02:31:28 --> ParseError: syntax error, unexpected token "endforeach", expecting end of file
[Method: GET, Route: student/dashboard]
in APPPATH\Views\student\dashboard.php on line 290.
 1 SYSTEMPATH\View\View.php(229): CodeIgniter\View\View->CodeIgniter\View\{closure}()
 2 SYSTEMPATH\Common.php(1167): CodeIgniter\View\View->render('student/dashboard', [], true)
 3 APPPATH\Controllers\StudentController.php(62): view('student/dashboard', [...])
 4 SYSTEMPATH\CodeIgniter.php(933): App\Controllers\StudentController->dashboard()
 5 SYSTEMPATH\CodeIgniter.php(507): CodeIgniter\CodeIgniter->runController(Object(App\Controllers\StudentController))
 6 SYSTEMPATH\CodeIgniter.php(354): CodeIgniter\CodeIgniter->handleRequest(null, Object(Config\Cache), false)
 7 SYSTEMPATH\Boot.php(363): CodeIgniter\CodeIgniter->run()
 8 SYSTEMPATH\Boot.php(68): CodeIgniter\Boot::runCodeIgniter(Object(CodeIgniter\CodeIgniter))
 9 FCPATH\index.php(63): CodeIgniter\Boot::bootWeb(Object(Config\Paths))
CRITICAL - 2025-11-25 02:31:29 --> ParseError: syntax error, unexpected token "endforeach", expecting end of file
[Method: GET, Route: student/dashboard]
in APPPATH\Views\student\dashboard.php on line 290.
 1 SYSTEMPATH\View\View.php(229): CodeIgniter\View\View->CodeIgniter\View\{closure}()
 2 SYSTEMPATH\Common.php(1167): CodeIgniter\View\View->render('student/dashboard', [], true)
 3 APPPATH\Controllers\StudentController.php(62): view('student/dashboard', [...])
 4 SYSTEMPATH\CodeIgniter.php(933): App\Controllers\StudentController->dashboard()
 5 SYSTEMPATH\CodeIgniter.php(507): CodeIgniter\CodeIgniter->runController(Object(App\Controllers\StudentController))
 6 SYSTEMPATH\CodeIgniter.php(354): CodeIgniter\CodeIgniter->handleRequest(null, Object(Config\Cache), false)
 7 SYSTEMPATH\Boot.php(363): CodeIgniter\CodeIgniter->run()
 8 SYSTEMPATH\Boot.php(68): CodeIgniter\Boot::runCodeIgniter(Object(CodeIgniter\CodeIgniter))
 9 FCPATH\index.php(63): CodeIgniter\Boot::bootWeb(Object(Config\Paths))
CRITICAL - 2025-11-25 02:31:29 --> ParseError: syntax error, unexpected token "endforeach", expecting end of file
[Method: GET, Route: student/dashboard]
in APPPATH\Views\student\dashboard.php on line 290.
 1 SYSTEMPATH\View\View.php(229): CodeIgniter\View\View->CodeIgniter\View\{closure}()
 2 SYSTEMPATH\Common.php(1167): CodeIgniter\View\View->render('student/dashboard', [], true)
 3 APPPATH\Controllers\StudentController.php(62): view('student/dashboard', [...])
 4 SYSTEMPATH\CodeIgniter.php(933): App\Controllers\StudentController->dashboard()
 5 SYSTEMPATH\CodeIgniter.php(507): CodeIgniter\CodeIgniter->runController(Object(App\Controllers\StudentController))
 6 SYSTEMPATH\CodeIgniter.php(354): CodeIgniter\CodeIgniter->handleRequest(null, Object(Config\Cache), false)
 7 SYSTEMPATH\Boot.php(363): CodeIgniter\CodeIgniter->run()
 8 SYSTEMPATH\Boot.php(68): CodeIgniter\Boot::runCodeIgniter(Object(CodeIgniter\CodeIgniter))
 9 FCPATH\index.php(63): CodeIgniter\Boot::bootWeb(Object(Config\Paths))
CRITICAL - 2025-11-25 02:31:29 --> ParseError: syntax error, unexpected token "endforeach", expecting end of file
[Method: GET, Route: student/dashboard]
in APPPATH\Views\student\dashboard.php on line 290.
 1 SYSTEMPATH\View\View.php(229): CodeIgniter\View\View->CodeIgniter\View\{closure}()
 2 SYSTEMPATH\Common.php(1167): CodeIgniter\View\View->render('student/dashboard', [], true)
 3 APPPATH\Controllers\StudentController.php(62): view('student/dashboard', [...])
 4 SYSTEMPATH\CodeIgniter.php(933): App\Controllers\StudentController->dashboard()
 5 SYSTEMPATH\CodeIgniter.php(507): CodeIgniter\CodeIgniter->runController(Object(App\Controllers\StudentController))
 6 SYSTEMPATH\CodeIgniter.php(354): CodeIgniter\CodeIgniter->handleRequest(null, Object(Config\Cache), false)
 7 SYSTEMPATH\Boot.php(363): CodeIgniter\CodeIgniter->run()
 8 SYSTEMPATH\Boot.php(68): CodeIgniter\Boot::runCodeIgniter(Object(CodeIgniter\CodeIgniter))
 9 FCPATH\index.php(63): CodeIgniter\Boot::bootWeb(Object(Config\Paths))
CRITICAL - 2025-11-25 02:31:29 --> ParseError: syntax error, unexpected token "endforeach", expecting end of file
[Method: GET, Route: student/dashboard]
in APPPATH\Views\student\dashboard.php on line 290.
 1 SYSTEMPATH\View\View.php(229): CodeIgniter\View\View->CodeIgniter\View\{closure}()
 2 SYSTEMPATH\Common.php(1167): CodeIgniter\View\View->render('student/dashboard', [], true)
 3 APPPATH\Controllers\StudentController.php(62): view('student/dashboard', [...])
 4 SYSTEMPATH\CodeIgniter.php(933): App\Controllers\StudentController->dashboard()
 5 SYSTEMPATH\CodeIgniter.php(507): CodeIgniter\CodeIgniter->runController(Object(App\Controllers\StudentController))
 6 SYSTEMPATH\CodeIgniter.php(354): CodeIgniter\CodeIgniter->handleRequest(null, Object(Config\Cache), false)
 7 SYSTEMPATH\Boot.php(363): CodeIgniter\CodeIgniter->run()
 8 SYSTEMPATH\Boot.php(68): CodeIgniter\Boot::runCodeIgniter(Object(CodeIgniter\CodeIgniter))
 9 FCPATH\index.php(63): CodeIgniter\Boot::bootWeb(Object(Config\Paths))
CRITICAL - 2025-11-25 02:31:30 --> ParseError: syntax error, unexpected token "endforeach", expecting end of file
[Method: GET, Route: student/dashboard]
in APPPATH\Views\student\dashboard.php on line 290.
 1 SYSTEMPATH\View\View.php(229): CodeIgniter\View\View->CodeIgniter\View\{closure}()
 2 SYSTEMPATH\Common.php(1167): CodeIgniter\View\View->render('student/dashboard', [], true)
 3 APPPATH\Controllers\StudentController.php(62): view('student/dashboard', [...])
 4 SYSTEMPATH\CodeIgniter.php(933): App\Controllers\StudentController->dashboard()
 5 SYSTEMPATH\CodeIgniter.php(507): CodeIgniter\CodeIgniter->runController(Object(App\Controllers\StudentController))
 6 SYSTEMPATH\CodeIgniter.php(354): CodeIgniter\CodeIgniter->handleRequest(null, Object(Config\Cache), false)
 7 SYSTEMPATH\Boot.php(363): CodeIgniter\CodeIgniter->run()
 8 SYSTEMPATH\Boot.php(68): CodeIgniter\Boot::runCodeIgniter(Object(CodeIgniter\CodeIgniter))
 9 FCPATH\index.php(63): CodeIgniter\Boot::bootWeb(Object(Config\Paths))
CRITICAL - 2025-11-25 02:50:36 --> ParseError: Unclosed '{' on line 12
[Method: GET, Route: student/dashboard]
in APPPATH\Controllers\StudentController.php on line 247.
 1 SYSTEMPATH\Autoloader\Autoloader.php(295): CodeIgniter\Autoloader\Autoloader->includeFile('C:\\xampp\\htdocs\\ITE311-BAYANI\\app\\Controllers\\StudentController.php')
 2 SYSTEMPATH\Autoloader\Autoloader.php(271): CodeIgniter\Autoloader\Autoloader->loadInNamespace('App\\Controllers\\StudentController')
 3 [internal function]: CodeIgniter\Autoloader\Autoloader->loadClass('App\\Controllers\\StudentController')
 4 SYSTEMPATH\CodeIgniter.php(885): class_exists('\\App\\Controllers\\StudentController', true)
 5 SYSTEMPATH\CodeIgniter.php(494): CodeIgniter\CodeIgniter->startController()
 6 SYSTEMPATH\CodeIgniter.php(354): CodeIgniter\CodeIgniter->handleRequest(null, Object(Config\Cache), false)
 7 SYSTEMPATH\Boot.php(363): CodeIgniter\CodeIgniter->run()
 8 SYSTEMPATH\Boot.php(68): CodeIgniter\Boot::runCodeIgniter(Object(CodeIgniter\CodeIgniter))
 9 FCPATH\index.php(63): CodeIgniter\Boot::bootWeb(Object(Config\Paths))
CRITICAL - 2025-11-25 02:50:37 --> ParseError: Unclosed '{' on line 12
[Method: GET, Route: student/dashboard]
in APPPATH\Controllers\StudentController.php on line 247.
 1 SYSTEMPATH\Autoloader\Autoloader.php(295): CodeIgniter\Autoloader\Autoloader->includeFile('C:\\xampp\\htdocs\\ITE311-BAYANI\\app\\Controllers\\StudentController.php')
 2 SYSTEMPATH\Autoloader\Autoloader.php(271): CodeIgniter\Autoloader\Autoloader->loadInNamespace('App\\Controllers\\StudentController')
 3 [internal function]: CodeIgniter\Autoloader\Autoloader->loadClass('App\\Controllers\\StudentController')
 4 SYSTEMPATH\CodeIgniter.php(885): class_exists('\\App\\Controllers\\StudentController', true)
 5 SYSTEMPATH\CodeIgniter.php(494): CodeIgniter\CodeIgniter->startController()
 6 SYSTEMPATH\CodeIgniter.php(354): CodeIgniter\CodeIgniter->handleRequest(null, Object(Config\Cache), false)
 7 SYSTEMPATH\Boot.php(363): CodeIgniter\CodeIgniter->run()
 8 SYSTEMPATH\Boot.php(68): CodeIgniter\Boot::runCodeIgniter(Object(CodeIgniter\CodeIgniter))
 9 FCPATH\index.php(63): CodeIgniter\Boot::bootWeb(Object(Config\Paths))
